<?xml version="1.0" encoding="UTF-8"?>
<!-- Generated by org.testng.reporters.JUnitReportReporter -->
<testsuite hostname="LAPTOP-K348FQ4G" failures="0" tests="1" name="test.LoginTest" time="7.089" errors="0" timestamp="2024-03-28T19:51:09 IST" skipped="0">
  <testcase classname="test.LoginTest" name="verifyLogin" time="7.089"/>
  <system-out/>
</testsuite> <!-- test.LoginTest -->
