<?xml version="1.0" encoding="UTF-8"?>
<!-- Generated by org.testng.reporters.JUnitReportReporter -->
<testsuite hostname="LAPTOP-K348FQ4G" failures="0" tests="4" name="test.ItemsTest" time="23.836" errors="0" timestamp="2024-03-28T19:51:09 IST" skipped="0">
  <testcase classname="test.ItemsTest" name="verifyCreateItems" time="7.351"/>
  <system-out/>
  <testcase classname="test.ItemsTest" name="verifySearchItem" time="4.103"/>
  <system-out/>
  <testcase classname="test.ItemsTest" name="verifyEditItem" time="6.170"/>
  <system-out/>
  <testcase classname="test.ItemsTest" name="verifyDeleteItem" time="6.212"/>
  <system-out/>
</testsuite> <!-- test.ItemsTest -->
