<?xml version="1.0" encoding="UTF-8"?>
<!-- Generated by org.testng.reporters.JUnitReportReporter -->
<testsuite hostname="LAPTOP-K348FQ4G" failures="0" tests="4" name="test.ClientsTest" time="25.042" errors="0" timestamp="2024-03-28T19:51:09 IST" skipped="0">
  <testcase classname="test.ClientsTest" name="verifyCreateClient" time="6.096"/>
  <system-out/>
  <testcase classname="test.ClientsTest" name="verifyClientSearch" time="4.347"/>
  <system-out/>
  <testcase classname="test.ClientsTest" name="verifyEditClient" time="6.542"/>
  <system-out/>
  <testcase classname="test.ClientsTest" name="verifyDeleteCompanyName" time="8.057"/>
  <system-out/>
</testsuite> <!-- test.ClientsTest -->
