<?xml version="1.0" encoding="UTF-8"?>
<!-- Generated by org.testng.reporters.JUnitReportReporter -->
<testsuite hostname="LAPTOP-K348FQ4G" failures="0" tests="4" name="test.ProjectsTest" time="23.894" errors="0" timestamp="2024-03-28T19:51:09 IST" skipped="0">
  <testcase classname="test.ProjectsTest" name="verifyCreateProject" time="6.571"/>
  <system-out/>
  <testcase classname="test.ProjectsTest" name="verifySearchProject" time="4.251"/>
  <system-out/>
  <testcase classname="test.ProjectsTest" name="verifyEditProject" time="5.193"/>
  <system-out/>
  <testcase classname="test.ProjectsTest" name="verifyDeleteProject" time="7.879"/>
  <system-out/>
</testsuite> <!-- test.ProjectsTest -->
