<?xml version="1.0" encoding="UTF-8"?>
<!-- Generated by org.testng.reporters.JUnitReportReporter -->
<testsuite hostname="LAPTOP-K348FQ4G" failures="0" tests="1" name="test.ItemsTest" time="10.126" errors="0" timestamp="2024-03-28T20:31:06 IST" skipped="0">
  <testcase classname="test.ItemsTest" name="verifyCreateItems" time="10.126"/>
  <system-out/>
</testsuite> <!-- test.ItemsTest -->
