<?xml version="1.0" encoding="UTF-8"?>
<!-- Generated by org.testng.reporters.JUnitReportReporter -->
<testsuite hostname="LAPTOP-K348FQ4G" failures="0" tests="4" name="test.ItemsTest" time="21.681" errors="0" timestamp="2024-03-20T20:52:30 IST" skipped="0">
  <testcase classname="test.ItemsTest" name="verifyCreateItems" time="5.863"/>
  <system-out/>
  <testcase classname="test.ItemsTest" name="verifySearchItem" time="4.247"/>
  <system-out/>
  <testcase classname="test.ItemsTest" name="verifyEditItem" time="6.021"/>
  <system-out/>
  <testcase classname="test.ItemsTest" name="verifyDeleteItem" time="5.550"/>
  <system-out/>
</testsuite> <!-- test.ItemsTest -->
